2025-06-28 14:48:57,233 INFO  [org.jboss.as.server] (Thread-1) WFLYSRV0272: Suspending server
2025-06-28 14:48:57,631 INFO  [org.jboss.as.ejb3] (Thread-1) WFLYEJB0493: Jakarta Enterprise Beans subsystem suspension complete
2025-06-28 14:48:57,675 INFO  [org.jboss.as.server] (Thread-1) WFLYSRV0220: Server shutdown has been requested via an OS signal
2025-06-28 14:48:57,888 INFO  [org.jboss.as.connector.deployers.jdbc] (MSC service thread 1-4) WFLYJCA0019: Stopped Driver service with driver-name = usuario_tarefa.war_org.postgresql.Driver_42_7
2025-06-28 14:48:57,913 INFO  [org.jboss.as.mail.extension] (MSC service thread 1-3) WFLYMAIL0002: Unbound mail session [java:jboss/mail/Default]
2025-06-28 14:48:57,941 INFO  [org.wildfly.extension.undertow] (ServerService Thread Pool -- 13) WFLYUT0022: Unregistered web context: '/usuario_tarefa' from server 'default-server'
2025-06-28 14:48:57,982 INFO  [stdout] (ServerService Thread Pool -- 13) Conexão com o banco fechada.
2025-06-28 14:48:58,047 INFO  [org.wildfly.extension.undertow] (MSC service thread 1-3) WFLYUT0019: Host default-host stopping
2025-06-28 14:48:58,054 INFO  [org.jboss.as.connector.subsystems.datasources] (MSC service thread 1-6) WFLYJCA0010: Unbound data source [java:jboss/datasources/ExampleDS]
2025-06-28 14:48:58,072 INFO  [org.jboss.as.connector.deployers.jdbc] (MSC service thread 1-4) WFLYJCA0019: Stopped Driver service with driver-name = h2
2025-06-28 14:48:58,231 INFO  [org.wildfly.extension.undertow] (MSC service thread 1-7) WFLYUT0008: Undertow HTTPS listener https suspending
2025-06-28 14:48:58,231 INFO  [org.wildfly.extension.undertow] (MSC service thread 1-6) WFLYUT0008: Undertow HTTP listener default suspending
2025-06-28 14:48:58,234 INFO  [org.wildfly.extension.undertow] (MSC service thread 1-6) WFLYUT0007: Undertow HTTP listener default stopped, was bound to 0.0.0.0:8080
2025-06-28 14:48:58,235 INFO  [org.wildfly.extension.undertow] (MSC service thread 1-7) WFLYUT0007: Undertow HTTPS listener https stopped, was bound to 0.0.0.0:8443
2025-06-28 14:48:58,242 INFO  [org.wildfly.extension.undertow] (MSC service thread 1-7) WFLYUT0004: Undertow 2.3.18.Final stopping
2025-06-28 14:48:58,260 INFO  [org.jboss.as.server.deployment] (MSC service thread 1-3) WFLYSRV0028: Stopped deployment usuario_tarefa.war (runtime-name: usuario_tarefa.war) in 513ms
2025-06-28 14:48:58,289 INFO  [org.jboss.as] (MSC service thread 1-2) WFLYSRV0050: WildFly 36.0.1.Final (WildFly Core 28.0.1.Final) stopped in 555ms
2025-06-28 14:49:59,444 INFO  [org.jboss.modules] (main) JBoss Modules version 2.1.6.Final
2025-06-28 14:50:00,437 INFO  [org.jboss.msc] (main) JBoss MSC version 1.5.5.Final
2025-06-28 14:50:00,448 INFO  [org.jboss.threads] (main) JBoss Threads version 2.4.0.Final
2025-06-28 14:50:00,594 INFO  [org.jboss.as] (MSC service thread 1-1) WFLYSRV0049: WildFly 36.0.1.Final (WildFly Core 28.0.1.Final) starting
2025-06-28 14:50:00,597 DEBUG [org.jboss.as.config] (MSC service thread 1-1) Configured system properties:
	[Standalone] = 
	file.encoding = UTF-8
	file.separator = /
	java.awt.headless = true
	java.class.path = /opt/jboss/wildfly/jboss-modules.jar
	java.class.version = 65.0
	java.home = /opt/java/openjdk
	java.io.tmpdir = /tmp
	java.library.path = /usr/java/packages/lib:/usr/lib64:/lib64:/lib:/usr/lib
	java.net.preferIPv4Stack = true
	java.runtime.name = OpenJDK Runtime Environment
	java.runtime.version = 21.0.7+6-LTS
	java.specification.name = Java Platform API Specification
	java.specification.vendor = Oracle Corporation
	java.specification.version = 21
	java.util.logging.manager = org.jboss.logmanager.LogManager
	java.vendor = Eclipse Adoptium
	java.vendor.url = https://adoptium.net/
	java.vendor.url.bug = https://github.com/adoptium/adoptium-support/issues
	java.vendor.version = Temurin-21.0.7+6
	java.version = 21.0.7
	java.version.date = 2025-04-15
	java.vm.compressedOopsMode = 32-bit
	java.vm.info = mixed mode, sharing
	java.vm.name = OpenJDK 64-Bit Server VM
	java.vm.specification.name = Java Virtual Machine Specification
	java.vm.specification.vendor = Oracle Corporation
	java.vm.specification.version = 21
	java.vm.vendor = Eclipse Adoptium
	java.vm.version = 21.0.7+6-LTS
	javax.management.builder.initial = org.jboss.as.jmx.PluggableMBeanServerBuilder
	jboss.bind.address = 0.0.0.0
	jboss.home.dir = /opt/jboss/wildfly
	jboss.host.name = f476ef86fb70
	jboss.modules.system.pkgs = org.jboss.byteman
	jboss.node.name = f476ef86fb70
	jboss.qualified.host.name = f476ef86fb70
	jboss.server.base.dir = /opt/jboss/wildfly/standalone
	jboss.server.config.dir = /opt/jboss/wildfly/standalone/configuration
	jboss.server.data.dir = /opt/jboss/wildfly/standalone/data
	jboss.server.log.dir = /opt/jboss/wildfly/standalone/log
	jboss.server.name = f476ef86fb70
	jboss.server.persist.config = true
	jboss.server.temp.dir = /opt/jboss/wildfly/standalone/tmp
	jdk.debug = release
	jdk.serialFilter = maxbytes=10485760;maxdepth=128;maxarray=100000;maxrefs=300000
	line.separator = 

	logging.configuration = file:/opt/jboss/wildfly/standalone/configuration/logging.properties
	module.path = /opt/jboss/wildfly/modules
	native.encoding = UTF-8
	org.jboss.boot.log.file = /opt/jboss/wildfly/standalone/log/server.log
	org.jboss.resolver.warning = true
	os.arch = amd64
	os.name = Linux
	os.version = 6.10.14-linuxkit
	path.separator = :
	stderr.encoding = UTF-8
	stdout.encoding = UTF-8
	sun.arch.data.model = 64
	sun.boot.library.path = /opt/java/openjdk/lib
	sun.cpu.endian = little
	sun.io.unicode.encoding = UnicodeLittle
	sun.java.command = /opt/jboss/wildfly/jboss-modules.jar -mp /opt/jboss/wildfly/modules org.jboss.as.standalone -Djboss.home.dir=/opt/jboss/wildfly -Djboss.server.base.dir=/opt/jboss/wildfly/standalone -b 0.0.0.0
	sun.java.launcher = SUN_STANDARD
	sun.jnu.encoding = UTF-8
	sun.management.compiler = HotSpot 64-Bit Tiered Compilers
	user.country = US
	user.dir = /opt/jboss
	user.home = /opt/jboss
	user.language = en
	user.name = jboss
	user.timezone = GMT
2025-06-28 14:50:00,599 DEBUG [org.jboss.as.config] (MSC service thread 1-1) VM Arguments: -D[Standalone] -Djdk.serialFilter=maxbytes=10485760;maxdepth=128;maxarray=100000;maxrefs=300000 -Xms64m -Xmx512m -Djava.net.preferIPv4Stack=true -Djboss.modules.system.pkgs=org.jboss.byteman -Djava.awt.headless=true --add-exports=java.desktop/sun.awt=ALL-UNNAMED --add-exports=java.naming/com.sun.jndi.ldap=ALL-UNNAMED --add-exports=java.naming/com.sun.jndi.url.ldap=ALL-UNNAMED --add-exports=java.naming/com.sun.jndi.url.ldaps=ALL-UNNAMED --add-exports=jdk.naming.dns/com.sun.jndi.dns=ALL-UNNAMED --add-opens=java.base/java.lang=ALL-UNNAMED --add-opens=java.base/java.lang.invoke=ALL-UNNAMED --add-opens=java.base/java.lang.reflect=ALL-UNNAMED --add-opens=java.base/java.io=ALL-UNNAMED --add-opens=java.base/java.net=ALL-UNNAMED --add-opens=java.base/java.security=ALL-UNNAMED --add-opens=java.base/java.util=ALL-UNNAMED --add-opens=java.base/java.util.concurrent=ALL-UNNAMED --add-opens=java.management/javax.management=ALL-UNNAMED --add-opens=java.naming/javax.naming=ALL-UNNAMED -Dorg.jboss.boot.log.file=/opt/jboss/wildfly/standalone/log/server.log -Dlogging.configuration=file:/opt/jboss/wildfly/standalone/configuration/logging.properties 
2025-06-28 14:50:01,789 INFO  [org.wildfly.security] (Controller Boot Thread) ELY00001: WildFly Elytron version 2.6.4.Final
2025-06-28 14:50:02,969 INFO  [org.jboss.as.repository] (ServerService Thread Pool -- 16) WFLYDR0001: Content added at location /opt/jboss/wildfly/standalone/data/content/f8/ad121c4534a714aad5dbd5554678a242bc83b5/content
2025-06-28 14:50:03,062 INFO  [org.jboss.as.server] (Controller Boot Thread) WFLYSRV0039: Creating http management service using socket-binding (management-http)
2025-06-28 14:50:03,095 INFO  [org.xnio] (MSC service thread 1-3) XNIO version 3.8.16.Final
2025-06-28 14:50:03,172 INFO  [org.xnio.nio] (MSC service thread 1-3) XNIO NIO Implementation Version 3.8.16.Final
2025-06-28 14:50:03,532 INFO  [org.jboss.as.server.deployment] (MSC service thread 1-6) WFLYSRV0027: Starting deployment of "usuario_tarefa.war" (runtime-name: "usuario_tarefa.war")
2025-06-28 14:50:03,554 INFO  [org.jboss.remoting] (MSC service thread 1-8) JBoss Remoting version 5.0.31.Final
2025-06-28 14:50:03,591 INFO  [org.wildfly.extension.health] (ServerService Thread Pool -- 54) WFLYHEALTH0001: Activating Base Health Subsystem
2025-06-28 14:50:03,628 INFO  [org.jboss.as.clustering.infinispan] (ServerService Thread Pool -- 55) WFLYCLINF0001: Activating Infinispan subsystem.
2025-06-28 14:50:03,634 INFO  [org.wildfly.extension.io] (ServerService Thread Pool -- 56) WFLYIO001: Worker 'default' has auto-configured to 8 IO threads with 64 max task threads based on your 4 available processors
2025-06-28 14:50:03,672 INFO  [org.jboss.as.connector] (MSC service thread 1-5) WFLYJCA0009: Starting Jakarta Connectors Subsystem (WildFly/IronJacamar 3.0.13.Final)
2025-06-28 14:50:03,730 INFO  [org.wildfly.extension.elytron.oidc._private] (ServerService Thread Pool -- 53) WFLYOIDC0001: Activating WildFly Elytron OIDC Subsystem
2025-06-28 14:50:03,774 INFO  [org.jboss.as.connector.subsystems.datasources] (ServerService Thread Pool -- 44) WFLYJCA0004: Deploying JDBC-compliant driver class org.h2.Driver (version 2.2)
2025-06-28 14:50:03,781 INFO  [org.jboss.as.connector.deployers.jdbc] (MSC service thread 1-5) WFLYJCA0018: Started Driver service with driver-name = h2
2025-06-28 14:50:03,790 WARN  [org.jboss.as.txn] (ServerService Thread Pool -- 74) WFLYTX0013: The node-identifier attribute on the /subsystem=transactions is set to the default value. This is a danger for environments running multiple servers. Please make sure the attribute value is unique.
2025-06-28 14:50:03,820 INFO  [org.jboss.as.jsf] (ServerService Thread Pool -- 62) WFLYJSF0007: Activated the following Jakarta Server Faces Implementations: [main]
2025-06-28 14:50:03,732 INFO  [org.wildfly.extension.microprofile.jwt.smallrye] (ServerService Thread Pool -- 66) WFLYJWT0001: Activating MicroProfile JWT Subsystem
2025-06-28 14:50:03,866 INFO  [org.jboss.as.naming] (ServerService Thread Pool -- 67) WFLYNAM0001: Activating Naming Subsystem
2025-06-28 14:50:03,941 INFO  [org.jboss.as.webservices] (ServerService Thread Pool -- 76) WFLYWS0002: Activating WebServices Extension
2025-06-28 14:50:03,949 INFO  [org.wildfly.extension.microprofile.config.smallrye] (ServerService Thread Pool -- 65) WFLYCONF0001: Activating MicroProfile Config Subsystem
2025-06-28 14:50:04,048 INFO  [org.jboss.as.naming] (MSC service thread 1-1) WFLYNAM0003: Starting Naming Service
2025-06-28 14:50:04,065 INFO  [org.jboss.as.mail.extension] (MSC service thread 1-3) WFLYMAIL0001: Bound mail session [java:jboss/mail/Default]
2025-06-28 14:50:04,247 INFO  [org.wildfly.extension.metrics] (ServerService Thread Pool -- 64) WFLYMETRICS0001: Activating Base Metrics Subsystem
2025-06-28 14:50:04,448 INFO  [org.jboss.as.jaxrs] (ServerService Thread Pool -- 57) WFLYRS0016: RESTEasy version 6.2.12.Final
2025-06-28 14:50:04,544 INFO  [org.wildfly.extension.undertow] (MSC service thread 1-1) WFLYUT0003: Undertow 2.3.18.Final starting
2025-06-28 14:50:04,687 WARN  [org.wildfly.extension.elytron] (MSC service thread 1-1) WFLYELY00023: KeyStore file '/opt/jboss/wildfly/standalone/configuration/application.keystore' does not exist. Used blank.
2025-06-28 14:50:04,824 WARN  [org.wildfly.extension.elytron] (MSC service thread 1-6) WFLYELY01084: KeyStore /opt/jboss/wildfly/standalone/configuration/application.keystore not found, it will be auto-generated on first use with a self-signed certificate for host localhost
2025-06-28 14:50:04,854 INFO  [org.wildfly.extension.undertow] (ServerService Thread Pool -- 75) WFLYUT0014: Creating file handler for path '/opt/jboss/wildfly/welcome-content' with options [directory-listing: 'false', follow-symlink: 'false', case-sensitive: 'true', safe-symlink-paths: '[]']
2025-06-28 14:50:04,907 INFO  [org.jboss.as.ejb3] (MSC service thread 1-8) WFLYEJB0482: Strict pool mdb-strict-max-pool is using a max instance size of 16 (per class), which is derived from the number of CPUs on this host.
2025-06-28 14:50:04,908 INFO  [org.jboss.as.ejb3] (MSC service thread 1-6) WFLYEJB0481: Strict pool slsb-strict-max-pool is using a max instance size of 64 (per class), which is derived from thread worker pool sizing.
2025-06-28 14:50:05,180 INFO  [org.wildfly.extension.undertow] (MSC service thread 1-8) WFLYUT0012: Started server default-server.
2025-06-28 14:50:05,186 INFO  [org.wildfly.extension.undertow] (MSC service thread 1-7) Queuing requests.
2025-06-28 14:50:05,189 INFO  [org.wildfly.extension.undertow] (MSC service thread 1-7) WFLYUT0018: Host default-host starting
2025-06-28 14:50:05,676 INFO  [org.wildfly.extension.undertow] (MSC service thread 1-6) WFLYUT0006: Undertow HTTP listener default listening on 0.0.0.0:8080
2025-06-28 14:50:05,689 INFO  [org.jboss.as.ejb3] (MSC service thread 1-7) WFLYEJB0493: Jakarta Enterprise Beans subsystem suspension complete
2025-06-28 14:50:05,847 INFO  [org.jboss.as.connector.subsystems.datasources] (MSC service thread 1-7) WFLYJCA0001: Bound data source [java:jboss/datasources/ExampleDS]
2025-06-28 14:50:05,861 INFO  [org.jboss.as.server.deployment.scanner] (MSC service thread 1-7) WFLYDS0013: Started FileSystemDeploymentService for directory /opt/jboss/wildfly/standalone/deployments
2025-06-28 14:50:06,086 INFO  [org.wildfly.extension.undertow] (MSC service thread 1-7) WFLYUT0006: Undertow HTTPS listener https listening on 0.0.0.0:8443
2025-06-28 14:50:06,287 INFO  [org.jboss.ws.common.management] (MSC service thread 1-4) JBWS022052: Starting JBossWS 7.3.1.Final (Apache CXF 4.0.6) 
2025-06-28 14:50:07,512 WARN  [org.jboss.modules.define] (MSC service thread 1-7) Failed to define class javax.servlet.jsp.jstl.tlv.PermittedTaglibsTLV in Module "deployment.usuario_tarefa.war" from Service Module Loader: java.lang.NoClassDefFoundError: Failed to link javax/servlet/jsp/jstl/tlv/PermittedTaglibsTLV (Module "deployment.usuario_tarefa.war" from Service Module Loader): javax/servlet/jsp/tagext/TagLibraryValidator
	at java.base/java.lang.ClassLoader.defineClass1(Native Method)
	at java.base/java.lang.ClassLoader.defineClass(ClassLoader.java:1027)
	at java.base/java.lang.ClassLoader.defineClass(ClassLoader.java:1105)
	at org.jboss.modules.ModuleClassLoader.doDefineOrLoadClass(ModuleClassLoader.java:352)
	at org.jboss.modules.ModuleClassLoader.defineClass(ModuleClassLoader.java:483)
	at org.jboss.modules.ModuleClassLoader.loadClassLocal(ModuleClassLoader.java:277)
	at org.jboss.modules.ModuleClassLoader$1.loadClassLocal(ModuleClassLoader.java:79)
	at org.jboss.modules.Module.loadModuleClass(Module.java:798)
	at org.jboss.modules.ModuleClassLoader.findClass(ModuleClassLoader.java:193)
	at org.jboss.modules.ConcurrentClassLoader.performLoadClassUnchecked(ConcurrentClassLoader.java:408)
	at org.jboss.modules.ConcurrentClassLoader.performLoadClass(ConcurrentClassLoader.java:396)
	at org.jboss.modules.ConcurrentClassLoader.loadClass(ConcurrentClassLoader.java:115)
	at java.base/java.lang.Class.forName0(Native Method)
	at java.base/java.lang.Class.forName(Class.java:534)
	at java.base/java.lang.Class.forName(Class.java:513)
	at org.jboss.as.ee@36.0.1.Final//org.jboss.as.ee.utils.ClassLoadingUtils.loadClass(ClassLoadingUtils.java:26)
	at org.jboss.as.ee@36.0.1.Final//org.jboss.as.ee.utils.ClassLoadingUtils.loadClass(ClassLoadingUtils.java:19)
	at org.jboss.as.ee@36.0.1.Final//org.jboss.as.ee.component.deployers.InterceptorAnnotationProcessor.processComponentConfig(InterceptorAnnotationProcessor.java:67)
	at org.jboss.as.ee@36.0.1.Final//org.jboss.as.ee.component.deployers.InterceptorAnnotationProcessor.deploy(InterceptorAnnotationProcessor.java:60)
	at org.jboss.as.server@28.0.1.Final//org.jboss.as.server.deployment.DeploymentUnitPhaseService.start(DeploymentUnitPhaseService.java:165)
	at org.jboss.msc@1.5.5.Final//org.jboss.msc.service.ServiceControllerImpl$StartTask.startService(ServiceControllerImpl.java:1617)
	at org.jboss.msc@1.5.5.Final//org.jboss.msc.service.ServiceControllerImpl$StartTask.execute(ServiceControllerImpl.java:1580)
	at org.jboss.msc@1.5.5.Final//org.jboss.msc.service.ServiceControllerImpl$ControllerTask.run(ServiceControllerImpl.java:1438)
	at org.jboss.threads@2.4.0.Final//org.jboss.threads.ContextClassLoaderSavingRunnable.run(ContextClassLoaderSavingRunnable.java:35)
	at org.jboss.threads@2.4.0.Final//org.jboss.threads.EnhancedQueueExecutor.safeRun(EnhancedQueueExecutor.java:1990)
	at org.jboss.threads@2.4.0.Final//org.jboss.threads.EnhancedQueueExecutor$ThreadBody.doRunTask(EnhancedQueueExecutor.java:1486)
	at org.jboss.threads@2.4.0.Final//org.jboss.threads.EnhancedQueueExecutor$ThreadBody.run(EnhancedQueueExecutor.java:1377)
	at java.base/java.lang.Thread.run(Thread.java:1583)
Caused by: java.lang.ClassNotFoundException: javax.servlet.jsp.tagext.TagLibraryValidator from [Module "deployment.usuario_tarefa.war" from Service Module Loader]
	at org.jboss.modules.ModuleClassLoader.findClass(ModuleClassLoader.java:201)
	at org.jboss.modules.ConcurrentClassLoader.performLoadClassUnchecked(ConcurrentClassLoader.java:408)
	at org.jboss.modules.ConcurrentClassLoader.performLoadClass(ConcurrentClassLoader.java:396)
	at org.jboss.modules.ConcurrentClassLoader.loadClass(ConcurrentClassLoader.java:115)
	... 28 more

2025-06-28 14:50:07,625 WARN  [org.jboss.modules.define] (MSC service thread 1-7) Failed to define class javax.servlet.jsp.jstl.tlv.ScriptFreeTLV in Module "deployment.usuario_tarefa.war" from Service Module Loader: java.lang.NoClassDefFoundError: Failed to link javax/servlet/jsp/jstl/tlv/ScriptFreeTLV (Module "deployment.usuario_tarefa.war" from Service Module Loader): javax/servlet/jsp/tagext/TagLibraryValidator
	at java.base/java.lang.ClassLoader.defineClass1(Native Method)
	at java.base/java.lang.ClassLoader.defineClass(ClassLoader.java:1027)
	at java.base/java.lang.ClassLoader.defineClass(ClassLoader.java:1105)
	at org.jboss.modules.ModuleClassLoader.doDefineOrLoadClass(ModuleClassLoader.java:352)
	at org.jboss.modules.ModuleClassLoader.defineClass(ModuleClassLoader.java:483)
	at org.jboss.modules.ModuleClassLoader.loadClassLocal(ModuleClassLoader.java:277)
	at org.jboss.modules.ModuleClassLoader$1.loadClassLocal(ModuleClassLoader.java:79)
	at org.jboss.modules.Module.loadModuleClass(Module.java:798)
	at org.jboss.modules.ModuleClassLoader.findClass(ModuleClassLoader.java:193)
	at org.jboss.modules.ConcurrentClassLoader.performLoadClassUnchecked(ConcurrentClassLoader.java:408)
	at org.jboss.modules.ConcurrentClassLoader.performLoadClass(ConcurrentClassLoader.java:396)
	at org.jboss.modules.ConcurrentClassLoader.loadClass(ConcurrentClassLoader.java:115)
	at java.base/java.lang.Class.forName0(Native Method)
	at java.base/java.lang.Class.forName(Class.java:534)
	at java.base/java.lang.Class.forName(Class.java:513)
	at org.jboss.as.ee@36.0.1.Final//org.jboss.as.ee.utils.ClassLoadingUtils.loadClass(ClassLoadingUtils.java:26)
	at org.jboss.as.ee@36.0.1.Final//org.jboss.as.ee.utils.ClassLoadingUtils.loadClass(ClassLoadingUtils.java:19)
	at org.jboss.as.ee@36.0.1.Final//org.jboss.as.ee.component.deployers.InterceptorAnnotationProcessor.processComponentConfig(InterceptorAnnotationProcessor.java:67)
	at org.jboss.as.ee@36.0.1.Final//org.jboss.as.ee.component.deployers.InterceptorAnnotationProcessor.deploy(InterceptorAnnotationProcessor.java:60)
	at org.jboss.as.server@28.0.1.Final//org.jboss.as.server.deployment.DeploymentUnitPhaseService.start(DeploymentUnitPhaseService.java:165)
	at org.jboss.msc@1.5.5.Final//org.jboss.msc.service.ServiceControllerImpl$StartTask.startService(ServiceControllerImpl.java:1617)
	at org.jboss.msc@1.5.5.Final//org.jboss.msc.service.ServiceControllerImpl$StartTask.execute(ServiceControllerImpl.java:1580)
	at org.jboss.msc@1.5.5.Final//org.jboss.msc.service.ServiceControllerImpl$ControllerTask.run(ServiceControllerImpl.java:1438)
	at org.jboss.threads@2.4.0.Final//org.jboss.threads.ContextClassLoaderSavingRunnable.run(ContextClassLoaderSavingRunnable.java:35)
	at org.jboss.threads@2.4.0.Final//org.jboss.threads.EnhancedQueueExecutor.safeRun(EnhancedQueueExecutor.java:1990)
	at org.jboss.threads@2.4.0.Final//org.jboss.threads.EnhancedQueueExecutor$ThreadBody.doRunTask(EnhancedQueueExecutor.java:1486)
	at org.jboss.threads@2.4.0.Final//org.jboss.threads.EnhancedQueueExecutor$ThreadBody.run(EnhancedQueueExecutor.java:1377)
	at java.base/java.lang.Thread.run(Thread.java:1583)
Caused by: java.lang.ClassNotFoundException: javax.servlet.jsp.tagext.TagLibraryValidator from [Module "deployment.usuario_tarefa.war" from Service Module Loader]
	at org.jboss.modules.ModuleClassLoader.findClass(ModuleClassLoader.java:201)
	at org.jboss.modules.ConcurrentClassLoader.performLoadClassUnchecked(ConcurrentClassLoader.java:408)
	at org.jboss.modules.ConcurrentClassLoader.performLoadClass(ConcurrentClassLoader.java:396)
	at org.jboss.modules.ConcurrentClassLoader.loadClass(ConcurrentClassLoader.java:115)
	... 28 more

2025-06-28 14:50:08,572 WARN  [org.jboss.modules.define] (MSC service thread 1-7) Failed to define class javax.servlet.jsp.jstl.tlv.PermittedTaglibsTLV in Module "deployment.usuario_tarefa.war" from Service Module Loader: java.lang.NoClassDefFoundError: Failed to link javax/servlet/jsp/jstl/tlv/PermittedTaglibsTLV (Module "deployment.usuario_tarefa.war" from Service Module Loader): javax/servlet/jsp/tagext/TagLibraryValidator
	at java.base/java.lang.ClassLoader.defineClass1(Native Method)
	at java.base/java.lang.ClassLoader.defineClass(ClassLoader.java:1027)
	at java.base/java.lang.ClassLoader.defineClass(ClassLoader.java:1105)
	at org.jboss.modules.ModuleClassLoader.doDefineOrLoadClass(ModuleClassLoader.java:352)
	at org.jboss.modules.ModuleClassLoader.defineClass(ModuleClassLoader.java:483)
	at org.jboss.modules.ModuleClassLoader.loadClassLocal(ModuleClassLoader.java:277)
	at org.jboss.modules.ModuleClassLoader$1.loadClassLocal(ModuleClassLoader.java:79)
	at org.jboss.modules.Module.loadModuleClass(Module.java:798)
	at org.jboss.modules.ModuleClassLoader.findClass(ModuleClassLoader.java:193)
	at org.jboss.modules.ConcurrentClassLoader.performLoadClassUnchecked(ConcurrentClassLoader.java:408)
	at org.jboss.modules.ConcurrentClassLoader.performLoadClass(ConcurrentClassLoader.java:396)
	at org.jboss.modules.ConcurrentClassLoader.loadClass(ConcurrentClassLoader.java:115)
	at java.base/java.lang.Class.forName0(Native Method)
	at java.base/java.lang.Class.forName(Class.java:534)
	at java.base/java.lang.Class.forName(Class.java:513)
	at org.jboss.as.ee@36.0.1.Final//org.jboss.as.ee.utils.ClassLoadingUtils.loadClass(ClassLoadingUtils.java:26)
	at org.jboss.as.ee@36.0.1.Final//org.jboss.as.ee.component.deployers.EEModuleConfigurationProcessor.deploy(EEModuleConfigurationProcessor.java:63)
	at org.jboss.as.server@28.0.1.Final//org.jboss.as.server.deployment.DeploymentUnitPhaseService.start(DeploymentUnitPhaseService.java:165)
	at org.jboss.msc@1.5.5.Final//org.jboss.msc.service.ServiceControllerImpl$StartTask.startService(ServiceControllerImpl.java:1617)
	at org.jboss.msc@1.5.5.Final//org.jboss.msc.service.ServiceControllerImpl$StartTask.execute(ServiceControllerImpl.java:1580)
	at org.jboss.msc@1.5.5.Final//org.jboss.msc.service.ServiceControllerImpl$ControllerTask.run(ServiceControllerImpl.java:1438)
	at org.jboss.threads@2.4.0.Final//org.jboss.threads.ContextClassLoaderSavingRunnable.run(ContextClassLoaderSavingRunnable.java:35)
	at org.jboss.threads@2.4.0.Final//org.jboss.threads.EnhancedQueueExecutor.safeRun(EnhancedQueueExecutor.java:1990)
	at org.jboss.threads@2.4.0.Final//org.jboss.threads.EnhancedQueueExecutor$ThreadBody.doRunTask(EnhancedQueueExecutor.java:1486)
	at org.jboss.threads@2.4.0.Final//org.jboss.threads.EnhancedQueueExecutor$ThreadBody.run(EnhancedQueueExecutor.java:1377)
	at java.base/java.lang.Thread.run(Thread.java:1583)
Caused by: java.lang.ClassNotFoundException: javax.servlet.jsp.tagext.TagLibraryValidator from [Module "deployment.usuario_tarefa.war" from Service Module Loader]
	at org.jboss.modules.ModuleClassLoader.findClass(ModuleClassLoader.java:201)
	at org.jboss.modules.ConcurrentClassLoader.performLoadClassUnchecked(ConcurrentClassLoader.java:408)
	at org.jboss.modules.ConcurrentClassLoader.performLoadClass(ConcurrentClassLoader.java:396)
	at org.jboss.modules.ConcurrentClassLoader.loadClass(ConcurrentClassLoader.java:115)
	... 26 more

2025-06-28 14:50:08,593 WARN  [org.jboss.as.ee] (MSC service thread 1-7) WFLYEE0007: Not installing optional component javax.servlet.jsp.jstl.tlv.PermittedTaglibsTLV due to an exception (enable DEBUG log level to see the cause)
2025-06-28 14:50:08,706 WARN  [org.jboss.modules.define] (MSC service thread 1-7) Failed to define class javax.servlet.jsp.jstl.tlv.ScriptFreeTLV in Module "deployment.usuario_tarefa.war" from Service Module Loader: java.lang.NoClassDefFoundError: Failed to link javax/servlet/jsp/jstl/tlv/ScriptFreeTLV (Module "deployment.usuario_tarefa.war" from Service Module Loader): javax/servlet/jsp/tagext/TagLibraryValidator
	at java.base/java.lang.ClassLoader.defineClass1(Native Method)
	at java.base/java.lang.ClassLoader.defineClass(ClassLoader.java:1027)
	at java.base/java.lang.ClassLoader.defineClass(ClassLoader.java:1105)
	at org.jboss.modules.ModuleClassLoader.doDefineOrLoadClass(ModuleClassLoader.java:352)
	at org.jboss.modules.ModuleClassLoader.defineClass(ModuleClassLoader.java:483)
	at org.jboss.modules.ModuleClassLoader.loadClassLocal(ModuleClassLoader.java:277)
	at org.jboss.modules.ModuleClassLoader$1.loadClassLocal(ModuleClassLoader.java:79)
	at org.jboss.modules.Module.loadModuleClass(Module.java:798)
	at org.jboss.modules.ModuleClassLoader.findClass(ModuleClassLoader.java:193)
	at org.jboss.modules.ConcurrentClassLoader.performLoadClassUnchecked(ConcurrentClassLoader.java:408)
	at org.jboss.modules.ConcurrentClassLoader.performLoadClass(ConcurrentClassLoader.java:396)
	at org.jboss.modules.ConcurrentClassLoader.loadClass(ConcurrentClassLoader.java:115)
	at java.base/java.lang.Class.forName0(Native Method)
	at java.base/java.lang.Class.forName(Class.java:534)
	at java.base/java.lang.Class.forName(Class.java:513)
	at org.jboss.as.ee@36.0.1.Final//org.jboss.as.ee.utils.ClassLoadingUtils.loadClass(ClassLoadingUtils.java:26)
	at org.jboss.as.ee@36.0.1.Final//org.jboss.as.ee.component.deployers.EEModuleConfigurationProcessor.deploy(EEModuleConfigurationProcessor.java:63)
	at org.jboss.as.server@28.0.1.Final//org.jboss.as.server.deployment.DeploymentUnitPhaseService.start(DeploymentUnitPhaseService.java:165)
	at org.jboss.msc@1.5.5.Final//org.jboss.msc.service.ServiceControllerImpl$StartTask.startService(ServiceControllerImpl.java:1617)
	at org.jboss.msc@1.5.5.Final//org.jboss.msc.service.ServiceControllerImpl$StartTask.execute(ServiceControllerImpl.java:1580)
	at org.jboss.msc@1.5.5.Final//org.jboss.msc.service.ServiceControllerImpl$ControllerTask.run(ServiceControllerImpl.java:1438)
	at org.jboss.threads@2.4.0.Final//org.jboss.threads.ContextClassLoaderSavingRunnable.run(ContextClassLoaderSavingRunnable.java:35)
	at org.jboss.threads@2.4.0.Final//org.jboss.threads.EnhancedQueueExecutor.safeRun(EnhancedQueueExecutor.java:1990)
	at org.jboss.threads@2.4.0.Final//org.jboss.threads.EnhancedQueueExecutor$ThreadBody.doRunTask(EnhancedQueueExecutor.java:1486)
	at org.jboss.threads@2.4.0.Final//org.jboss.threads.EnhancedQueueExecutor$ThreadBody.run(EnhancedQueueExecutor.java:1377)
	at java.base/java.lang.Thread.run(Thread.java:1583)
Caused by: java.lang.ClassNotFoundException: javax.servlet.jsp.tagext.TagLibraryValidator from [Module "deployment.usuario_tarefa.war" from Service Module Loader]
	at org.jboss.modules.ModuleClassLoader.findClass(ModuleClassLoader.java:201)
	at org.jboss.modules.ConcurrentClassLoader.performLoadClassUnchecked(ConcurrentClassLoader.java:408)
	at org.jboss.modules.ConcurrentClassLoader.performLoadClass(ConcurrentClassLoader.java:396)
	at org.jboss.modules.ConcurrentClassLoader.loadClass(ConcurrentClassLoader.java:115)
	... 26 more

2025-06-28 14:50:08,713 WARN  [org.jboss.as.ee] (MSC service thread 1-7) WFLYEE0007: Not installing optional component javax.servlet.jsp.jstl.tlv.ScriptFreeTLV due to an exception (enable DEBUG log level to see the cause)
2025-06-28 14:50:09,118 INFO  [org.jboss.as.connector.deployers.jdbc] (MSC service thread 1-7) WFLYJCA0005: Deploying non-JDBC-compliant driver class org.postgresql.Driver (version 42.7)
2025-06-28 14:50:09,226 INFO  [org.jboss.as.connector.deployers.jdbc] (MSC service thread 1-2) WFLYJCA0018: Started Driver service with driver-name = usuario_tarefa.war_org.postgresql.Driver_42_7
2025-06-28 14:50:09,428 INFO  [org.wildfly.extension.undertow] (ServerService Thread Pool -- 85) WFLYUT0021: Registered web context: '/usuario_tarefa' for server 'default-server'
2025-06-28 14:50:09,567 INFO  [org.jboss.as.server] (ServerService Thread Pool -- 45) WFLYSRV0010: Deployed "usuario_tarefa.war" (runtime-name : "usuario_tarefa.war")
2025-06-28 14:50:09,773 INFO  [org.jboss.as.server] (Controller Boot Thread) WFLYSRV0212: Resuming server
2025-06-28 14:50:09,805 INFO  [org.jboss.as] (Controller Boot Thread) WFLYSRV0060: Http management interface listening on http://127.0.0.1:9990/management
2025-06-28 14:50:09,805 INFO  [org.jboss.as] (Controller Boot Thread) WFLYSRV0051: Admin console listening on http://127.0.0.1:9990
2025-06-28 14:50:09,813 INFO  [org.jboss.as] (Controller Boot Thread) WFLYSRV0025: WildFly 36.0.1.Final (WildFly Core 28.0.1.Final) started in 11213ms - Started 718 of 925 services (328 services are lazy, passive or on-demand) - Server configuration file in use: standalone.xml - Minimum feature stability level: community
2025-06-28 14:50:22,469 INFO  [stdout] (default task-1) Driver carregado!
2025-06-28 14:50:22,472 INFO  [stdout] (default task-1) Conectando a: jdbc:postgresql://db:5432/tarefas
2025-06-28 14:50:22,736 INFO  [stdout] (default task-1) Driver carregado!
2025-06-28 14:50:22,737 INFO  [stdout] (default task-1) Conectando a: jdbc:postgresql://db:5432/tarefas
2025-06-28 14:50:22,785 INFO  [stdout] (default task-1) Driver carregado!
2025-06-28 14:50:22,786 INFO  [stdout] (default task-1) Conectando a: jdbc:postgresql://db:5432/tarefas
2025-06-28 14:50:22,827 INFO  [stdout] (default task-1) Action recebida no doGet: cadastrar
2025-06-28 14:50:35,697 INFO  [stdout] (default task-1) Action recebida no doPost: cadastrar
2025-06-28 14:50:40,451 INFO  [stdout] (default task-1) Driver carregado!
2025-06-28 14:50:40,452 INFO  [stdout] (default task-1) Conectando a: jdbc:postgresql://db:5432/tarefas
2025-06-28 14:50:40,506 INFO  [stdout] (default task-1) ID do usuário recebido no MenuServlet: null
2025-06-28 14:50:42,464 INFO  [stdout] (default task-1) Action recebida no doGet: atualizar
2025-06-28 14:50:44,914 INFO  [stdout] (default task-1) Action recebida no doPost: atualizar
2025-06-28 14:50:44,937 INFO  [stdout] (default task-1) ID do usuário recebido no MenuServlet: null
2025-06-28 14:50:46,480 INFO  [stdout] (default task-1) Driver carregado!
2025-06-28 14:50:46,481 INFO  [stdout] (default task-1) Conectando a: jdbc:postgresql://db:5432/tarefas
2025-06-28 14:50:46,508 INFO  [stdout] (default task-1) Driver carregado!
2025-06-28 14:50:46,509 INFO  [stdout] (default task-1) Conectando a: jdbc:postgresql://db:5432/tarefas
2025-06-28 14:50:46,534 INFO  [stdout] (default task-1) Action recebida no doGet: criar
2025-06-28 14:50:51,015 INFO  [stdout] (default task-1) Action recebida no doGet: listar-pendentes
2025-06-28 14:50:51,020 INFO  [stdout] (default task-1) Codigo Usuario: 6
2025-06-28 14:50:51,024 INFO  [stdout] (default task-1) Task ID: 8, Título: jjj, Categoria ID: 2
2025-06-28 14:50:53,096 INFO  [stdout] (default task-2) ID do usuário recebido no MenuServlet: null
2025-06-28 14:50:53,795 INFO  [stdout] (default task-1) Action recebida no doGet: listar-pendentes
2025-06-28 14:50:53,796 INFO  [stdout] (default task-1) Codigo Usuario: 6
2025-06-28 14:50:53,802 INFO  [stdout] (default task-1) Task ID: 8, Título: jjj, Categoria ID: 2
2025-06-28 14:51:06,967 INFO  [org.jboss.as.server] (Thread-1) WFLYSRV0272: Suspending server
2025-06-28 14:51:06,975 INFO  [org.jboss.as.ejb3] (Thread-1) WFLYEJB0493: Jakarta Enterprise Beans subsystem suspension complete
2025-06-28 14:51:06,980 INFO  [org.jboss.as.server] (Thread-1) WFLYSRV0220: Server shutdown has been requested via an OS signal
2025-06-28 14:51:07,005 INFO  [org.jboss.as.connector.deployers.jdbc] (MSC service thread 1-3) WFLYJCA0019: Stopped Driver service with driver-name = usuario_tarefa.war_org.postgresql.Driver_42_7
2025-06-28 14:51:07,016 INFO  [org.jboss.as.mail.extension] (MSC service thread 1-7) WFLYMAIL0002: Unbound mail session [java:jboss/mail/Default]
2025-06-28 14:51:07,027 INFO  [org.wildfly.extension.undertow] (ServerService Thread Pool -- 16) WFLYUT0022: Unregistered web context: '/usuario_tarefa' from server 'default-server'
2025-06-28 14:51:07,030 INFO  [stdout] (ServerService Thread Pool -- 16) Conexão com o banco fechada.
2025-06-28 14:51:07,051 INFO  [org.wildfly.extension.undertow] (MSC service thread 1-7) WFLYUT0019: Host default-host stopping
2025-06-28 14:51:07,060 INFO  [org.jboss.as.connector.subsystems.datasources] (MSC service thread 1-4) WFLYJCA0010: Unbound data source [java:jboss/datasources/ExampleDS]
2025-06-28 14:51:07,063 INFO  [org.jboss.as.connector.deployers.jdbc] (MSC service thread 1-8) WFLYJCA0019: Stopped Driver service with driver-name = h2
2025-06-28 14:51:07,099 INFO  [org.wildfly.extension.undertow] (MSC service thread 1-4) WFLYUT0008: Undertow HTTPS listener https suspending
2025-06-28 14:51:07,103 INFO  [org.wildfly.extension.undertow] (MSC service thread 1-3) WFLYUT0008: Undertow HTTP listener default suspending
2025-06-28 14:51:07,105 INFO  [org.wildfly.extension.undertow] (MSC service thread 1-3) WFLYUT0007: Undertow HTTP listener default stopped, was bound to 0.0.0.0:8080
2025-06-28 14:51:07,100 INFO  [org.wildfly.extension.undertow] (MSC service thread 1-4) WFLYUT0007: Undertow HTTPS listener https stopped, was bound to 0.0.0.0:8443
2025-06-28 14:51:07,108 INFO  [org.jboss.as.server.deployment] (MSC service thread 1-3) WFLYSRV0028: Stopped deployment usuario_tarefa.war (runtime-name: usuario_tarefa.war) in 120ms
2025-06-28 14:51:07,109 INFO  [org.wildfly.extension.undertow] (MSC service thread 1-4) WFLYUT0004: Undertow 2.3.18.Final stopping
2025-06-28 14:51:07,136 INFO  [org.jboss.as] (MSC service thread 1-2) WFLYSRV0050: WildFly 36.0.1.Final (WildFly Core 28.0.1.Final) stopped in 149ms
